#
# A fatal error has been detected by the Java Runtime Environment:
#
#  EXCEPTION_ACCESS_VIOLATION (0xc0000005) at pc=0x6c7b22fd, pid=37456, tid=33292
#
# JRE version: Java(TM) SE Runtime Environment (8.0_65-b17) (build 1.8.0_65-b17)
# Java VM: Java HotSpot(TM) Client VM (25.65-b01 mixed mode, sharing windows-x86 )
# Problematic frame:
# C  0x6c7b22fd
#
# Failed to write core dump. Minidumps are not enabled by default on client versions of Windows
#
# If you would like to submit a bug report, please visit:
#   http://bugreport.java.com/bugreport/crash.jsp
# The crash happened outside the Java Virtual Machine in native code.
# See problematic frame for where to report the bug.
#

---------------  T H R E A D  ---------------

Current thread (0x1517c800):  JavaThread "Thread-0" [_thread_in_native, id=33292, stack(0x153b0000,0x15400000)]

siginfo: ExceptionCode=0xc0000005, ExceptionInformation=0x00000008 0x6c7b22fd

Registers:
EAX=0x00000000, EBX=0x15d007e0, ECX=0x153ff5b8, EDX=0x77910f34
ESP=0x153ff5d0, EBP=0x153ff5d8, ESI=0x00000000, EDI=0x15d007e4
EIP=0x6c7b22fd, EFLAGS=0x00010202

Top of Stack: (sp=0x153ff5d0)
0x153ff5d0:   15d00820 00010001 153ff5f0 6c7b367a
0x153ff5e0:   15d00820 151ad0d0 00000000 00000001
0x153ff5f0:   00010001 66648c00 15d007e0 00000000
0x153ff600:   151ad0d0 1517c940 1517c800 153ff66c
0x153ff610:   66649150 00010001 1534e988 6664c897
0x153ff620:   00000000 1433bbc8 14eb2940 01a0aca3
0x153ff630:   1517c940 153ff688 00000000 000002ee
0x153ff640:   000001cc 01a04134 094f5af8 153ff64c 

Instructions: (pc=0x6c7b22fd)
0x6c7b22dd:   
[error occurred during error reporting (printing registers, top of stack, instructions near pc), id 0xc0000005]

Register to memory mapping:

EAX=0x00000000 is an unknown value
EBX=0x15d007e0 is an unknown value
ECX=0x153ff5b8 is pointing into the stack for thread: 0x1517c800
EDX=0x77910f34 is an unknown value
ESP=0x153ff5d0 is pointing into the stack for thread: 0x1517c800
EBP=0x153ff5d8 is pointing into the stack for thread: 0x1517c800
ESI=0x00000000 is an unknown value
EDI=0x15d007e4 is an unknown value


Stack: [0x153b0000,0x15400000],  sp=0x153ff5d0,  free space=317k
Native frames: (J=compiled Java code, j=interpreted, Vv=VM code, C=native code)
C  0x6c7b22fd
C  0x6c7b367a
C  [awt.dll+0x18c00]

Java frames: (J=compiled Java code, j=interpreted, Vv=VM code)
j  sun.java2d.d3d.D3DSurfaceData.initOps(III)V+0
j  sun.java2d.d3d.D3DSurfaceData.<init>(Lsun/awt/windows/WComponentPeer;Lsun/java2d/d3d/D3DGraphicsConfig;IILjava/awt/Image;Ljava/awt/image/ColorModel;IILsun/java2d/pipe/hw/ExtendedBufferCapabilities$VSyncType;I)V+76
j  sun.java2d.d3d.D3DSurfaceData.createData(Lsun/awt/windows/WComponentPeer;Ljava/awt/Image;)Lsun/java2d/d3d/D3DSurfaceData;+117
j  sun.java2d.d3d.D3DVolatileSurfaceManager.initAcceleratedSurface()Lsun/java2d/SurfaceData;+59
j  sun.java2d.d3d.D3DVolatileSurfaceManager.restoreAcceleratedSurface()V+62
j  sun.awt.image.VolatileSurfaceManager.validate(Ljava/awt/GraphicsConfiguration;)I+94
j  sun.awt.image.SunVolatileImage.validate(Ljava/awt/GraphicsConfiguration;)I+5
j  java.awt.Component$FlipBufferStrategy.revalidate(Z)V+82
j  java.awt.Component$FlipBufferStrategy.revalidate()V+2
j  java.awt.Component$FlipBufferStrategy.getDrawGraphics()Ljava/awt/Graphics;+1
j  havocpixel.main.Game.render()V+38
J 219% C1 havocpixel.main.Game.run()V (198 bytes) @ 0x01af7308 [0x01af6f80+0x388]
j  java.lang.Thread.run()V+11
v  ~StubRoutines::call_stub

---------------  P R O C E S S  ---------------

Java Threads: ( => current thread )
  0x15241c00 JavaThread "AWT-EventQueue-0" [_thread_blocked, id=38812, stack(0x155d0000,0x15620000)]
  0x152ee800 JavaThread "AWT-Shutdown" [_thread_blocked, id=33888, stack(0x13ed0000,0x13f20000)]
  0x151c5000 JavaThread "Java2D Disposer" daemon [_thread_blocked, id=38464, stack(0x15540000,0x15590000)]
  0x00c2bc00 JavaThread "DestroyJavaVM" [_thread_blocked, id=37460, stack(0x00b50000,0x00ba0000)]
=>0x1517c800 JavaThread "Thread-0" [_thread_in_native, id=33292, stack(0x153b0000,0x15400000)]
  0x010dfc00 JavaThread "Service Thread" daemon [_thread_blocked, id=38432, stack(0x13f20000,0x13f70000)]
  0x010bac00 JavaThread "C1 CompilerThread0" daemon [_thread_blocked, id=37516, stack(0x14af0000,0x14b40000)]
  0x010b9400 JavaThread "Attach Listener" daemon [_thread_blocked, id=37672, stack(0x14ba0000,0x14bf0000)]
  0x010b6000 JavaThread "Signal Dispatcher" daemon [_thread_blocked, id=37664, stack(0x13e80000,0x13ed0000)]
  0x010ab000 JavaThread "Finalizer" daemon [_thread_blocked, id=34712, stack(0x146a0000,0x146f0000)]
  0x010a5800 JavaThread "Reference Handler" daemon [_thread_blocked, id=38824, stack(0x01310000,0x01360000)]

Other Threads:
  0x010a2800 VMThread [stack: 0x14610000,0x14660000] [id=37368]
  0x010eb000 WatcherThread [stack: 0x01370000,0x013c0000] [id=37592]

VM state:not at safepoint (normal execution)

VM Mutex/Monitor currently owned by a thread: None

Heap:
 def new generation   total 4928K, used 853K [0x03a00000, 0x03f50000, 0x08f50000)
  eden space 4416K,  18% used [0x03a00000, 0x03acf020, 0x03e50000)
  from space 512K,   5% used [0x03ed0000, 0x03ed6670, 0x03f50000)
  to   space 512K,   0% used [0x03e50000, 0x03e50000, 0x03ed0000)
 tenured generation   total 10944K, used 6018K [0x08f50000, 0x09a00000, 0x13a00000)
   the space 10944K,  54% used [0x08f50000, 0x09530b80, 0x09530c00, 0x09a00000)
 Metaspace       used 1079K, capacity 2664K, committed 2752K, reserved 4480K

Card table byte_map: [0x01270000,0x01300000] byte_map_base: 0x01253000

Polling page: 0x000f0000

CodeCache: size=32768Kb used=1389Kb max_used=1389Kb free=31378Kb
 bounds [0x01a00000, 0x01b60000, 0x03a00000]
 total_blobs=755 nmethods=516 adapters=171
 compilation: enabled

Compilation events (10 events):
Event: 8.730 Thread 0x010bac00  513   !         sun.java2d.d3d.D3DRenderer::validateContext (83 bytes)
Event: 8.731 Thread 0x010bac00 nmethod 513 0x01b5a248 code [0x01b5a3d0, 0x01b5a7cc]
Event: 8.964 Thread 0x010bac00  514             havocpixel.entities.creatures.Tree::render (109 bytes)
Event: 8.965 Thread 0x010bac00 nmethod 514 0x01b5ac48 code [0x01b5ad80, 0x01b5af88]
Event: 9.013 Thread 0x010bac00  515             java.awt.Color::getAlpha (12 bytes)
Event: 9.013 Thread 0x010bac00 nmethod 515 0x01b5b108 code [0x01b5b200, 0x01b5b290]
Event: 9.063 Thread 0x010bac00  516             java.awt.Color::getTransparency (22 bytes)
Event: 9.063 Thread 0x010bac00 nmethod 516 0x01b5b2c8 code [0x01b5b3c0, 0x01b5b480]
Event: 10.265 Thread 0x010bac00  517             java.lang.Math::max (11 bytes)
Event: 10.265 Thread 0x010bac00 nmethod 517 0x01b5b4c8 code [0x01b5b5c0, 0x01b5b630]

GC Heap History (10 events):
Event: 3.413 GC heap before
{Heap before GC invocations=4 (full 0):
 def new generation   total 4928K, used 4928K [0x03a00000, 0x03f50000, 0x08f50000)
  eden space 4416K, 100% used [0x03a00000, 0x03e50000, 0x03e50000)
  from space 512K, 100% used [0x03e50000, 0x03ed0000, 0x03ed0000)
  to   space 512K,   0% used [0x03ed0000, 0x03ed0000, 0x03f50000)
 tenured generation   total 10944K, used 5509K [0x08f50000, 0x09a00000, 0x13a00000)
   the space 10944K,  50% used [0x08f50000, 0x094b1408, 0x094b1600, 0x09a00000)
 Metaspace       used 1070K, capacity 2664K, committed 2752K, reserved 4480K
Event: 3.417 GC heap after
Heap after GC invocations=5 (full 0):
 def new generation   total 4928K, used 9K [0x03a00000, 0x03f50000, 0x08f50000)
  eden space 4416K,   0% used [0x03a00000, 0x03a00000, 0x03e50000)
  from space 512K,   1% used [0x03ed0000, 0x03ed2570, 0x03f50000)
  to   space 512K,   0% used [0x03e50000, 0x03e50000, 0x03ed0000)
 tenured generation   total 10944K, used 6018K [0x08f50000, 0x09a00000, 0x13a00000)
   the space 10944K,  54% used [0x08f50000, 0x09530b80, 0x09530c00, 0x09a00000)
 Metaspace       used 1070K, capacity 2664K, committed 2752K, reserved 4480K
}
Event: 4.465 GC heap before
{Heap before GC invocations=5 (full 0):
 def new generation   total 4928K, used 4425K [0x03a00000, 0x03f50000, 0x08f50000)
  eden space 4416K, 100% used [0x03a00000, 0x03e50000, 0x03e50000)
  from space 512K,   1% used [0x03ed0000, 0x03ed2570, 0x03f50000)
  to   space 512K,   0% used [0x03e50000, 0x03e50000, 0x03ed0000)
 tenured generation   total 10944K, used 6018K [0x08f50000, 0x09a00000, 0x13a00000)
   the space 10944K,  54% used [0x08f50000, 0x09530b80, 0x09530c00, 0x09a00000)
 Metaspace       used 1072K, capacity 2664K, committed 2752K, reserved 4480K
Event: 4.467 GC heap after
Heap after GC invocations=6 (full 0):
 def new generation   total 4928K, used 25K [0x03a00000, 0x03f50000, 0x08f50000)
  eden space 4416K,   0% used [0x03a00000, 0x03a00000, 0x03e50000)
  from space 512K,   5% used [0x03e50000, 0x03e566d0, 0x03ed0000)
  to   space 512K,   0% used [0x03ed0000, 0x03ed0000, 0x03f50000)
 tenured generation   total 10944K, used 6018K [0x08f50000, 0x09a00000, 0x13a00000)
   the space 10944K,  54% used [0x08f50000, 0x09530b80, 0x09530c00, 0x09a00000)
 Metaspace       used 1072K, capacity 2664K, committed 2752K, reserved 4480K
}
Event: 6.299 GC heap before
{Heap before GC invocations=6 (full 0):
 def new generation   total 4928K, used 4441K [0x03a00000, 0x03f50000, 0x08f50000)
  eden space 4416K, 100% used [0x03a00000, 0x03e50000, 0x03e50000)
  from space 512K,   5% used [0x03e50000, 0x03e566d0, 0x03ed0000)
  to   space 512K,   0% used [0x03ed0000, 0x03ed0000, 0x03f50000)
 tenured generation   total 10944K, used 6018K [0x08f50000, 0x09a00000, 0x13a00000)
   the space 10944K,  54% used [0x08f50000, 0x09530b80, 0x09530c00, 0x09a00000)
 Metaspace       used 1072K, capacity 2664K, committed 2752K, reserved 4480K
Event: 6.300 GC heap after
Heap after GC invocations=7 (full 0):
 def new generation   total 4928K, used 25K [0x03a00000, 0x03f50000, 0x08f50000)
  eden space 4416K,   0% used [0x03a00000, 0x03a00000, 0x03e50000)
  from space 512K,   4% used [0x03ed0000, 0x03ed65a8, 0x03f50000)
  to   space 512K,   0% used [0x03e50000, 0x03e50000, 0x03ed0000)
 tenured generation   total 10944K, used 6018K [0x08f50000, 0x09a00000, 0x13a00000)
   the space 10944K,  54% used [0x08f50000, 0x09530b80, 0x09530c00, 0x09a00000)
 Metaspace       used 1072K, capacity 2664K, committed 2752K, reserved 4480K
}
Event: 8.131 GC heap before
{Heap before GC invocations=7 (full 0):
 def new generation   total 4928K, used 4441K [0x03a00000, 0x03f50000, 0x08f50000)
  eden space 4416K, 100% used [0x03a00000, 0x03e50000, 0x03e50000)
  from space 512K,   4% used [0x03ed0000, 0x03ed65a8, 0x03f50000)
  to   space 512K,   0% used [0x03e50000, 0x03e50000, 0x03ed0000)
 tenured generation   total 10944K, used 6018K [0x08f50000, 0x09a00000, 0x13a00000)
   the space 10944K,  54% used [0x08f50000, 0x09530b80, 0x09530c00, 0x09a00000)
 Metaspace       used 1072K, capacity 2664K, committed 2752K, reserved 4480K
Event: 8.132 GC heap after
Heap after GC invocations=8 (full 0):
 def new generation   total 4928K, used 25K [0x03a00000, 0x03f50000, 0x08f50000)
  eden space 4416K,   0% used [0x03a00000, 0x03a00000, 0x03e50000)
  from space 512K,   4% used [0x03e50000, 0x03e565d0, 0x03ed0000)
  to   space 512K,   0% used [0x03ed0000, 0x03ed0000, 0x03f50000)
 tenured generation   total 10944K, used 6018K [0x08f50000, 0x09a00000, 0x13a00000)
   the space 10944K,  54% used [0x08f50000, 0x09530b80, 0x09530c00, 0x09a00000)
 Metaspace       used 1072K, capacity 2664K, committed 2752K, reserved 4480K
}
Event: 9.965 GC heap before
{Heap before GC invocations=8 (full 0):
 def new generation   total 4928K, used 4441K [0x03a00000, 0x03f50000, 0x08f50000)
  eden space 4416K, 100% used [0x03a00000, 0x03e50000, 0x03e50000)
  from space 512K,   4% used [0x03e50000, 0x03e565d0, 0x03ed0000)
  to   space 512K,   0% used [0x03ed0000, 0x03ed0000, 0x03f50000)
 tenured generation   total 10944K, used 6018K [0x08f50000, 0x09a00000, 0x13a00000)
   the space 10944K,  54% used [0x08f50000, 0x09530b80, 0x09530c00, 0x09a00000)
 Metaspace       used 1072K, capacity 2664K, committed 2752K, reserved 4480K
Event: 9.966 GC heap after
Heap after GC invocations=9 (full 0):
 def new generation   total 4928K, used 25K [0x03a00000, 0x03f50000, 0x08f50000)
  eden space 4416K,   0% used [0x03a00000, 0x03a00000, 0x03e50000)
  from space 512K,   5% used [0x03ed0000, 0x03ed6670, 0x03f50000)
  to   space 512K,   0% used [0x03e50000, 0x03e50000, 0x03ed0000)
 tenured generation   total 10944K, used 6018K [0x08f50000, 0x09a00000, 0x13a00000)
   the space 10944K,  54% used [0x08f50000, 0x09530b80, 0x09530c00, 0x09a00000)
 Metaspace       used 1072K, capacity 2664K, committed 2752K, reserved 4480K
}

Deoptimization events (0 events):
No events

Internal exceptions (10 events):
Event: 0.065 Thread 0x00c2bc00 Exception <a 'java/lang/NoSuchMethodError': Method sun.misc.Unsafe.prefetchRead(Ljava/lang/Object;J)V name or signature does not match> (0x03a0c760) thrown at [C:\re\workspace\8-2-build-windows-i586-cygwin\jdk8u65\4987\hotspot\src\share\vm\prims\jni.cpp, lêö<ÜCF◊?
Event: 0.364 Thread 0x00c2bc00 Exception <a 'java/security/PrivilegedActionException'> (0x03abcb38) thrown at [C:\re\workspace\8-2-build-windows-i586-cygwin\jdk8u65\4987\hotspot\src\share\vm\prims\jvm.cpp, line 1386]
Event: 0.364 Thread 0x00c2bc00 Exception <a 'java/security/PrivilegedActionException'> (0x03abcf18) thrown at [C:\re\workspace\8-2-build-windows-i586-cygwin\jdk8u65\4987\hotspot\src\share\vm\prims\jvm.cpp, line 1386]
Event: 0.366 Thread 0x00c2bc00 Exception <a 'java/security/PrivilegedActionException'> (0x03ac0ab8) thrown at [C:\re\workspace\8-2-build-windows-i586-cygwin\jdk8u65\4987\hotspot\src\share\vm\prims\jvm.cpp, line 1386]
Event: 0.366 Thread 0x00c2bc00 Exception <a 'java/security/PrivilegedActionException'> (0x03ac0e98) thrown at [C:\re\workspace\8-2-build-windows-i586-cygwin\jdk8u65\4987\hotspot\src\share\vm\prims\jvm.cpp, line 1386]
Event: 0.425 Thread 0x1517c800 Exception <a 'java/io/FileNotFoundException'> (0x03b05d70) thrown at [C:\re\workspace\8-2-build-windows-i586-cygwin\jdk8u65\4987\hotspot\src\share\vm\prims\jni.cpp, line 709]
Event: 0.521 Thread 0x1517c800 Exception <a 'java/lang/NoSuchFieldError': method resolution failed> (0x03bc0830) thrown at [C:\re\workspace\8-2-build-windows-i586-cygwin\jdk8u65\4987\hotspot\src\share\vm\prims\methodHandles.cpp, line 1146]
Event: 0.525 Thread 0x1517c800 Exception <a 'java/lang/NoSuchFieldError': method resolution failed> (0x03bccd90) thrown at [C:\re\workspace\8-2-build-windows-i586-cygwin\jdk8u65\4987\hotspot\src\share\vm\prims\methodHandles.cpp, line 1146]
Event: 0.580 Thread 0x1517c800 Exception <a 'java/io/FileNotFoundException'> (0x03c49f40) thrown at [C:\re\workspace\8-2-build-windows-i586-cygwin\jdk8u65\4987\hotspot\src\share\vm\prims\jni.cpp, line 709]
Event: 1.737 Thread 0x1517c800 Exception <a 'java/lang/NullPointerException'> (0x03b322b0) thrown at [C:\re\workspace\8-2-build-windows-i586-cygwin\jdk8u65\4987\hotspot\src\share\vm\interpreter\linkResolver.cpp, line 1178]

Events (10 events):
Event: 10.263 Thread 0x0115b800 Thread added: 0x0115b800
Event: 10.287 loading class java/util/WeakHashMap$KeyIterator
Event: 10.287 loading class java/util/WeakHashMap$HashIterator
Event: 10.287 loading class java/util/WeakHashMap$HashIterator done
Event: 10.288 loading class java/util/WeakHashMap$KeyIterator done
Event: 10.288 Thread 0x0115b000 Thread exited: 0x0115b000
Event: 10.290 loading class sun/java2d/pipe/hw/AccelDeviceEventNotifier
Event: 10.291 loading class sun/java2d/pipe/hw/AccelDeviceEventNotifier done
Event: 10.292 Thread 0x0115b800 Thread exited: 0x0115b800
Event: 10.293 Thread 0x1531cc00 Thread exited: 0x1531cc00


Dynamic libraries:
0x013c0000 - 0x013f3000 	C:\Program Files\Java\jdk1.8.0_65\bin\javaw.exe
0x778b0000 - 0x779ce000 	C:\Windows\system32\ntdll.dll
0x76420000 - 0x764f8000 	C:\Windows\system32\kernel32.dll
0x76530000 - 0x765ef000 	C:\Windows\system32\ADVAPI32.dll
0x76760000 - 0x76823000 	C:\Windows\system32\RPCRT4.dll
0x77a50000 - 0x77aee000 	C:\Windows\system32\USER32.dll
0x763d0000 - 0x7641b000 	C:\Windows\system32\GDI32.dll
0x75100000 - 0x75294000 	C:\Windows\WinSxS\x86_microsoft.windows.common-controls_6595b64144ccf1df_6.0.6000.16386_none_5d07289e07e1d100\COMCTL32.dll
0x76c10000 - 0x76cba000 	C:\Windows\system32\msvcrt.dll
0x779e0000 - 0x77a35000 	C:\Windows\system32\SHLWAPI.dll
0x76740000 - 0x7675e000 	C:\Windows\system32\IMM32.DLL
0x76170000 - 0x76237000 	C:\Windows\system32\MSCTF.dll
0x779d0000 - 0x779d9000 	C:\Windows\system32\LPK.DLL
0x76ac0000 - 0x76b3d000 	C:\Windows\system32\USP10.dll
0x6a7b0000 - 0x6a86f000 	C:\Program Files\Java\jdk1.8.0_65\jre\bin\msvcr100.dll
0x66780000 - 0x66b44000 	C:\Program Files\Java\jdk1.8.0_65\jre\bin\client\jvm.dll
0x74590000 - 0x74597000 	C:\Windows\system32\WSOCK32.dll
0x76830000 - 0x7685d000 	C:\Windows\system32\WS2_32.dll
0x77a40000 - 0x77a46000 	C:\Windows\system32\NSI.dll
0x735e0000 - 0x73613000 	C:\Windows\system32\WINMM.dll
0x765f0000 - 0x76734000 	C:\Windows\system32\ole32.dll
0x76cc0000 - 0x76d4c000 	C:\Windows\system32\OLEAUT32.dll
0x735a0000 - 0x735d8000 	C:\Windows\system32\OLEACC.dll
0x75840000 - 0x75848000 	C:\Windows\system32\VERSION.dll
0x760d0000 - 0x760d7000 	C:\Windows\system32\PSAPI.DLL
0x74dc0000 - 0x74dcc000 	C:\Program Files\Java\jdk1.8.0_65\jre\bin\verify.dll
0x74200000 - 0x74221000 	C:\Program Files\Java\jdk1.8.0_65\jre\bin\java.dll
0x74180000 - 0x74193000 	C:\Program Files\Java\jdk1.8.0_65\jre\bin\zip.dll
0x76de0000 - 0x778ae000 	C:\Windows\system32\SHELL32.dll
0x76020000 - 0x7603e000 	C:\Windows\system32\USERENV.dll
0x76000000 - 0x76014000 	C:\Windows\system32\Secur32.dll
0x66630000 - 0x66775000 	C:\Program Files\Java\jdk1.8.0_65\jre\bin\awt.dll
0x73050000 - 0x7305c000 	C:\Windows\system32\DWMAPI.DLL
0x73ec0000 - 0x73ef9000 	C:\Program Files\Java\jdk1.8.0_65\jre\bin\fontmanager.dll
0x73e60000 - 0x73e76000 	C:\Program Files\Java\jdk1.8.0_65\jre\bin\net.dll
0x757d0000 - 0x7580b000 	C:\Windows\system32\mswsock.dll
0x75830000 - 0x75836000 	C:\Windows\System32\wship6.dll
0x741f0000 - 0x741ff000 	C:\Program Files\Java\jdk1.8.0_65\jre\bin\nio.dll
0x75540000 - 0x75578000 	C:\Windows\system32\rsaenh.dll
0x75a50000 - 0x75a69000 	C:\Windows\system32\IPHLPAPI.DLL
0x759f0000 - 0x75a25000 	C:\Windows\system32\dhcpcsvc.DLL
0x75c70000 - 0x75c9b000 	C:\Windows\system32\DNSAPI.dll
0x759e0000 - 0x759e7000 	C:\Windows\system32\WINNSI.DLL
0x759c0000 - 0x759e0000 	C:\Windows\system32\dhcpcsvc6.DLL
0x73910000 - 0x7394f000 	C:\Windows\system32\uxtheme.dll
0x714a0000 - 0x714d0000 	C:\Program Files\Java\jdk1.8.0_65\jre\bin\t2k.dll
0x73750000 - 0x7382c000 	C:\Windows\system32\dbghelp.dll

VM Arguments:
jvm_args: -Dfile.encoding=Cp1252 
java_command: havocpixel.Launcher
java_class_path (initial): C:\Users\Ben\Desktop\BEN\java\engine\2P5D HavocPixel Engine\bin;C:\Users\Ben\Desktop\BEN\java\engine\2P5D HavocPixel Engine\res
Launcher Type: SUN_STANDARD

Environment Variables:
PATH=C:/Program Files/Java/jdk1.8.0_65/bin/../jre/bin/client;C:/Program Files/Java/jdk1.8.0_65/bin/../jre/bin;C:/Program Files/Java/jdk1.8.0_65/bin/../jre/lib/i386;C:\MinGW\libexec\gcc\mingw32\MinGW-Version;C:\MinGW\bin;C:\Program Files\Java\jdk1.8.0_65\bin;C:\Windows\system32;C:\Windows;C:\Windows\System32\Wbem;C:\Program Files\CyberLink\Power2Go\;C:\Windows\System32\WindowsPowerShell\v1.0\;C:\Program Files\Skype\Phone\;C:\Users\Ben\Desktop\BEN\runnable\eclipse;
USERNAME=Ben
OS=Windows_NT
PROCESSOR_IDENTIFIER=x86 Family 15 Model 104 Stepping 2, AuthenticAMD



---------------  S Y S T E M  ---------------

OS: Windows Vista Build 6000 (6.0.6000.16820)

CPU:total 2 (2 cores per cpu, 1 threads per core) family 15 model 104 stepping 2, cmov, cx8, fxsr, mmx, sse, sse2, sse3, mmxext, 3dnowpref, tsc

Memory: 4k page, physical 3144320k(1112440k free), swap 6478088k(3325756k free)

vm_info: Java HotSpot(TM) Client VM (25.65-b01) for windows-x86 JRE (1.8.0_65-b17), built on Oct  6 2015 17:26:22 by "java_re" with MS VC++ 10.0 (VS2010)

time: Thu Aug 11 12:41:31 2016
elapsed time: 10 seconds (0d 0h 0m 10s)

